
> admin@0.1.0 build /workspaces/nexus-platform/apps/admin
> next build

▲ Next.js 16.1.6 (Turbopack)
- Environments: .env.local
- Experiments (use with caution):
  · optimizePackageImports
  · serverActions

  Creating an optimized production build ...
✓ Compiled successfully in 24.4s
  Skipping validation of types
  Collecting page data using 1 worker ...
🔴 CRITICAL ERROR: NEXTAUTH_URL is set to localhost in production!
Current value: http://localhost:3000
This WILL cause refresh loops. Update to your actual domain!
  Generating static pages using 1 worker (0/59) ...
  Generating static pages using 1 worker (14/59) 
  Generating static pages using 1 worker (29/59) 
  Generating static pages using 1 worker (44/59) 
✓ Generating static pages using 1 worker (59/59) in 763.8ms
  Finalizing page optimization ...

Route (app)
┌ ○ /
├ ○ /_not-found
├ ƒ /api/activity-log
├ ƒ /api/ai/performance-insight
├ ƒ /api/analytics/dashboard
├ ƒ /api/analytics/export
├ ƒ /api/analytics/sales-mix
├ ƒ /api/audit
├ ƒ /api/auth/[...nextauth]
├ ƒ /api/culprit
├ ƒ /api/dashboard/agents
├ ƒ /api/dashboard/stats
├ ƒ /api/debug-agent
├ ƒ /api/env-check
├ ƒ /api/hr/create
├ ƒ /api/hr/disciplinary
├ ƒ /api/hr/leave
├ ƒ /api/hr/leave-authority
├ ƒ /api/hr/leaves
├ ƒ /api/hr/member/[id]
├ ƒ /api/hr/member/[id]/export
├ ƒ /api/hr/member/[id]/geofence-stat
├ ƒ /api/hr/team
├ ƒ /api/hr/team/list
├ ƒ /api/inventory
├ ƒ /api/inventory/shop-specific
├ ƒ /api/inventory/update
├ ƒ /api/messages
├ ƒ /api/mobile/attendance
├ ƒ /api/mobile/diagnostic
├ ƒ /api/mobile/history
├ ƒ /api/mobile/init
├ ƒ /api/mobile/location
├ ƒ /api/mobile/messages
├ ƒ /api/mobile/messages/unread-count
├ ƒ /api/mobile/profile/update
├ ƒ /api/mobile/pulse
├ ƒ /api/notifications
├ ƒ /api/notifications/[id]
├ ƒ /api/operations/map-data
├ ƒ /api/operations/pulse-feed
├ ƒ /api/operations/reports
├ ƒ /api/payments/paystack
├ ƒ /api/products/update-price
├ ƒ /api/sales
├ ƒ /api/sales/history
├ ƒ /api/sales/register
├ ƒ /api/settings
├ ƒ /api/shops
├ ƒ /api/shops/[id]
├ ƒ /api/shops/[id]/inventory
├ ƒ /api/shops/[id]/settings/categories
├ ƒ /api/shops/list
├ ƒ /api/stats/summary
├ ƒ /api/super/tenants
├ ƒ /api/targets
├ ƒ /api/targets/sync
├ ○ /auth/signin
├ ○ /dashboard
├ ○ /dashboard/activity-log
├ ○ /dashboard/admin
├ ○ /dashboard/agents
├ ○ /dashboard/hr
├ ○ /dashboard/hr/enrollment
├ ƒ /dashboard/hr/member/[id]
├ ○ /dashboard/inventory
├ ○ /dashboard/map
├ ○ /dashboard/messages
├ ○ /dashboard/sales
├ ○ /dashboard/settings
├ ○ /dashboard/settings/audit
├ ○ /dashboard/shops
├ ƒ /dashboard/shops/[id]
├ ○ /staff/chat
├ ○ /staff/expenses
├ ○ /staff/report
└ ○ /super-user


○  (Static)   prerendered as static content
ƒ  (Dynamic)  server-rendered on demand

